<?xml version="1.0" encoding="UTF-8"?>
<!-- Generated by org.testng.reporters.JUnitReportReporter -->
<testsuite hostname="LAPTOP-8FSIAPHR" failures="0" tests="1" name="com.test.demo.T1" time="8.749" errors="0" timestamp="07 Jul 2019 15:49:53 GMT" skipped="0">
  <testcase classname="com.test.demo.T1" name="big" time="8.749"/>
</testsuite> <!-- com.test.demo.T1 -->
