<?xml version="1.0" encoding="UTF-8"?>
<!-- Generated by org.testng.reporters.JUnitReportReporter -->
<testsuite hostname="LAPTOP-8FSIAPHR" failures="0" tests="1" name="com.test.demo.T1" time="25.189" errors="0" timestamp="11 Jul 2019 17:59:18 GMT" skipped="0">
  <testcase classname="com.test.demo.T1" name="big" time="25.189"/>
</testsuite> <!-- com.test.demo.T1 -->
