<?xml version="1.0" encoding="UTF-8"?>
<!-- Generated by org.testng.reporters.JUnitReportReporter -->
<testsuite hostname="LAPTOP-8FSIAPHR" failures="0" tests="1" name="com.test.demo.T1" time="12.150" errors="0" timestamp="09 Jul 2019 17:29:20 GMT" skipped="0">
  <testcase classname="com.test.demo.T1" name="big" time="12.150"/>
</testsuite> <!-- com.test.demo.T1 -->
